<?xml version="1.0" encoding="UTF-8"?>
<!-- Generated by org.testng.reporters.JUnitReportReporter -->
<testsuite hostname="192-168-1-108.tpgi.com.au" failures="0" tests="1" name="tests.SearchTest" time="7.990" errors="0" timestamp="07 Apr 2021 04:52:10 GMT" skipped="0">
  <testcase classname="tests.SearchTest" name="test1" time="7.990"/>
</testsuite> <!-- tests.SearchTest -->
